[   0.000]Initlingcgroususys cpuset
[    00000] Initaling crop ubys cpu
[   0.0000Intialiincgro sbsyspucct[  0.0000Linuvesin 4.4.-112-geneic(buid@w01-d601) (g vsion 5.4. 260609(Unt 54.6uuntu1604.5) 135-UbuntSM Frian19 14836 UC 18 (buu 4.0-12.135-generic 4.4.98)
[    0.000000 Cmmand line: BOOT_IMAGE=/boot/vmlinuz-4.4.0-112-generic root=LABEL=cloudimg-rootfs ro console=tty1 console=ttyS0
[    0.000000] KERNEL supported cpus:
[    0.000000]   Intel GenuineIntel
[    0.00000]   AMD AuthenticAMD
[    0.000000]   Centaur CentaurHauls
[    0000000] x86/fpu: xstate_offset[2]:  576, xstate_sizes[2]:  256
[  .00000x8/fu: Spprting XSAVE feature 0x01: 'x87 floating point registers'
[    0.000000] x86/fpu: Supporting XSAVE feature 0x02: 'SSE registers'
[    0.000000] x86/fpu: Supporting XSAVE feature 0x0: AVX registers'
[    0.00000] x6/u: Enabled xstate features 0x7, contex size i 82 bytes, using 'standa' format.
[  0000000] x86/fpu: Using 'lazy' FPU context switches.
[    0.000000] e820: BIOS-provided physical RAM map:
[    0.000000] BIOS-e820: [mem 0x0000000000000000-0x000000000009fbff] usable
[    0.000000] BIOS-e20 [em 0x000000000009fc00-0x000000000009ffff]] reerved
[   .000000 BOS-e82: [mem 0x00000000000f0000-0x0000000000ffff] reserved
[    0.0000000] BIOS-e820: [mem 0x0000000000100000-0x000000003ffeffff] usable
[    0.0000] BIOS-e820: [mem 0x000000003fff0000-0x000000003fffffff] ACPI data
[    0.000000] BIOS-e820: [mem 0x00000000fec000000x000000fec00fff] reserved
[    0.000000] OSe820: [mm 000000fe00000-0x0000000fe0fff] reserved
[    0.000000] BIOS-e820: [mem 0x00000fffc000-0x000000fffffff rserved
[   0.0000]X Execteisble) protection: active
[    0.000000] SMBIOS 2. pesnt.
[    0.000000] Hypervisor detected: VM
[   0.000] e820: last_pfn = 0x3fff0 max_arch_pfn = 0x400000000
[    0.000000] MTRR: Disabled
[    0.000000] x86/PAT: MTRRs disabd,skipin PT nitiiztion too.
[    0.000000] CPU MTRRs all blan- irtualid ystem.
[    0.000000] x86/PAT: Configuration [0-7]: WB  WT  UCUC  WB  WT  UC- UC  
[    0.000000] found SMP MP-table at [mem 0x0009fff0-0x0009ffff] mapped at [ffff88000009fff0]
[    0.000000] Scanin1 areas for low memory corruption
[    0000000] RAMDISK: [mem 0x36adc000-0x37565fff]
[    0.000000] ACPI: Early table checksum verification disabed
[   000000] ACPI RSD 0000000000E000 000024 (v02 VBOX  )
[    0.000000] ACPI: XSDT 0x000000003FFF0030 00003C (v01 VBOX   VBOXXSDT 00000001 ASL  00000061)
[    0.000000] ACPIFAP 0x0000003FFF00F0 0000F4 (v04 VBOX   VBOXFACP 00000001 ASL  00000061)
[    0.000000] ACPI: DDT0x00000003FFF0470 0021FF (v02 VBOX   VBOXBIOS 00000002 INTL 20100528)
[    0.000000] ACPI: FACS 0x000000003FFF0200 000040
[    0.000000] ACPI: FCSx00000003FFF0200 000040
[   0.0000] CP: PIC 0000003F00 00005C (v02 VOX  BOXAPI000000 A  000061
    .000] ACI:SST 0x000003FF0A0001CC (v01 VBOX   VBOXCPUT 00000002 INTL 20100528)
[    0.000000] No NUMA configuration found
[   .00000] Fakinga od at [mm 000000000000000x0000000fffff]
[    0.000000] NODE_DATA(0) allocated [mem 0x3ffeb000-0x3ffeffff]
[    0.000000] kvm-clock: Usingsr 4b564d01 and 4b564d0[   0.0000 km-clok:cp 0, sr:3ff30, primrycp cock[   0.0000]kvm-clock: using sched offset of 3115944045 cycles
[  000000] losoure:vmclock: mask: 0xffffffffffffffff max_cycles: 0x1cd4e4dffb, max_idle_ns: 881590591483 ns
[    0.000000] Zone ranges:
[    0.000000]   DMA      [mem 0000000000001000-x0000000ffff]
[  000000]   DMA32   mem 0x000000001000-0x000003ffeff
   .0000]   Normal   empty
[    0.000000]   Device   empty
[   .000000] Movalezoe stt fr ach ode
[    0.000000] Early meor node ngs
[    0.000000]   node   0: [mem 0x0000000000001000-0x000000000009efff]
[    0.000000]   node   0: [mem 0x0000000000100000-0x000000003ffeffff]
[  0.00000]Inmem setp od 0[mem0x00000000000100-0x000000ffefff
    0.000000]ACP: PM-Timer IO Port: 0x4008
[    0.000000] IOAPIC[0]: apic_id 2, vesion 32, address 0xfec00000, GSI 0-23[   0.000000 API: IN_S_OVR (bus 0 bu_iq  gobalrq  dfldf)
[   000000] ACPI IT_RC_OVR(b 0bus_irq 9 global_irq 9 low level)
[    0.000] Uin API(MAD) r MP cnfguaton infmaion[  0.0000]smpboot: Allowing 2 CPUs, 0 hotplug CPUs
[    0.000000] PM: Registered nosave memory: [mem 0x00000000-0x0000ff]
[  .00000]M:Registered nosave memoy: [mem 0x0009f000-0x0009ffff]
[    0.000000] PM: Registered nosave memory: [mem 0x000a0000-0x000effff]
[    0.000000] PM: Registered nosave memory: [mem 0x000f0000-0x000fffff]
[    0.000000] e820: [mem 0x40000000-0xfebfffff] available for PCI devices
[    0.000000] Booting paravirtualized kernel on KVM
[    0.000000] clocksource: refined-jiffies: mask: 0xffffffff max_cyles: 0xffffffff, max_idle_ns: 7645519600211568 ns
[   .000000]sep_ercp: N_CUS:512 nr_cpumask_bits:512 nr_cpu_ids:2 nr_node_ids:1
[    0.000000] PERCPU: Embedded 34 pages/cpu @ffff88003fc00000 s99544 r8192 d31528 u104857
   0000000 Pqspinlok as tabl etres 26 ordr: 0406 ytes)
[  .0000]Bult 1 zonelists in Node orer mbiity ouin on.  otl ags: 25791
   00000 Poliy on: DM32[    0.0000] Kernl omand line: BOOT_IMGE/bot/vliuz4.4.-1-gneriro=LABL=oudig-ots ro csoe=tty1coole=ttyS0
[    0.000000] PID hash table entries: 4096 (order: 3, 278 yts)
[    0.000000]  Mmoy:00170K10810K aaibl (849Kkenel od, 309Krwat, 988Krota 1508 ini, 316K b, 4380K reered 0K cma-reserved)
[    0.000000] SLUB: Waig=64, Ode=03, MinObjects=0, CPUs=2, Nodes=1
[    00000] Kene/Uerpage tables isolaton eable
[   0.00000]HirarchcaRCU iplentatin.
[   .00000] Build-im ajusten o leaf fou to 64.
[    0.000000] 	RCU restricting CPUs from NR_CPUS=512 to nr_cpu_ids=2.
[    0.000000RC: Adjutig gemeryfo ru_fanuteaf=64, n_cu_ds=2
[    0.000000] NR_IRQS:33024 nr_irqs:40 16
   0.00000]onole: colour VGA+ 80x25[  0.000] console [tty1] enabled
[    0.000000] console [ttyS0] enabled
[   .00000] tsc: Detected 2903.996 MHz processor
[   11.356382] Calibrating delay loop (skipped) preset value.. 5807.99 BogoMIPS (lpj=11615984)
[   11.400884] pid_max: default: 32768 minimum: 301
[   11.421977] ACPI: Core revision 20150930
[   11.446697] ACPI: 2 ACPI AML tables successfully acquired and loaded
[   11.504031] Security Framework initialized
[   11.528524] Yama: becoming mindful.
[   11.560923] AppArmor: AppArmor initialized
[   11.584784] Dentry cache hash table entries: 131072 (order: 8, 1048576 bytes)
[   11.618543] Inode-cache hash table entries: 65536 (order: 7, 524288 bytes)
[   11.640498] Mount-cache hash table entries: 2048 (order: 2, 16384 bytes)
[   11.684936] Mountpoint-cache hash table entries: 2048 (order: 2, 16384 bytes)
[   11.753526] Initializing cgroup subsys io
[   11.769278] Initializing cgroup subsys memory
[   11.771964] Initializing cgroup subsys devices
[   11.776092] Initializing cgroup subsys freezer
[   11.780711] Initializing cgroup subsys net_cls
[   11.782307] Initializing cgroup subsys perf_event
[   11.784612] Initializing cgroup subsys net_prio
[   11.789335] Initializing cgroup subsys hugetlb
[   11.795097] Initializing cgroup subsys pids
[   11.797961] CPU: Physical Processor ID: 0
[   11.799681] CPU: Processor Core ID: 0
[   11.806413] FEATURE SPEC_CTRL Not Present
[   11.811392] mce: CPU supports 0 MCE banks
[   11.821248] Last level iTLB entries: 4KB 64, 2MB 8, 4MB 8
[   11.824903] Last level dTLB entries: 4KB 64, 2MB 0, 4MB 0, 1GB 4
[   11.832605] Freeing SMP alternatives memory: 32K
[   11.846344] ftrace: allocating 32180 entries in 126 pages
[   11.902227] smpboot: APIC(0) Converting physical 0 to logical package 0
[   11.926249] smpboot: Max logical packages: 1
[   11.936965] x2apic enabled
[   11.938033] Switched APIC routing to physical x2apic.
[   11.949091] ..TIMER: vector=0x30 apic1=0 pin1=2 apic2=-1 pin2=-1
[   12.135379] smpboot: CPU0: Intel(R) Core(TM) i7-7600U CPU @ 2.80GHz (family: 0x6, model: 0x8e, stepping: 0x9)
[   12.182152] Performance Events: unsupported p6 CPU model 142 no PMU driver, software events only.
[   12.336615] KVM setup paravirtual spinlock
[   12.454835] x86: Booting SMP configuration:
[   12.455587] .... node  #0, CPUs:      #1
[   12.456381] kvm-clock: cpu 1, msr 0:3ffe3041, secondary cpu clock
[   12.458999] mce: CPU supports 0 MCE banks
[   12.461561] x86: Booted up 1 node, 2 CPUs
[   12.463742] smpboot: Total of 2 processors activated (11615.98 BogoMIPS)
[   12.465184] devtmpfs: initialized
[   12.467573] evm: security.selinux
[   12.468236] evm: security.SMACK64
[   12.468914] evm: security.SMACK64EXEC
[   12.469651] evm: security.SMACK64TRANSMUTE
[   12.479493] evm: security.SMACK64MMAP
[   12.480215] evm: security.ima
[   12.503306] evm: security.capability
[   12.550210] clocksource: jiffies: mask: 0xffffffff max_cycles: 0xffffffff, max_idle_ns: 7645041785100000 ns
[   12.618267] futex hash table entries: 512 (order: 3, 32768 bytes)
[   12.619266] pinctrl core: initialized pinctrl subsystem
[   12.674656] RTC time: 11:45:52, date: 02/22/18
[   12.697438] NET: Registered protocol family 16
[   12.733510] cpuidle: using governor ladder
[   12.756980] cpuidle: using governor menu
[   12.824431] PCCT header not found.
[   12.847469] ACPI: bus type PCI registered
[   12.936604] acpiphp: ACPI Hot Plug PCI Controller Driver version: 0.5
[   13.075241] PCI: Using configuration type 1 for base access
[   13.211802] ACPI: Added _OSI(Module Device)
[   13.219413] ACPI: Added _OSI(Processor Device)
[   13.241605] ACPI: Added _OSI(3.0 _SCP Extensions)
[   13.248551] ACPI: Added _OSI(Processor Aggregator Device)
[   13.286200] ACPI: Executed 1 blocks of module-level executable AML code
[   13.363606] ACPI: Interpreter enabled
[   13.401646] ACPI: (supports S0 S5)
[   13.429373] ACPI: Using IOAPIC for interrupt routing
[   13.470883] PCI: Using host bridge windows from ACPI; if necessary, use "pci=nocrs" and report a bug
[   13.537313] ACPI: PCI Root Bridge [PCI0] (domain 0000 [bus 00-ff])
[   13.568957] acpi PNP0A03:00: _OSC: OS supports [ASPM ClockPM Segments MSI]
[   13.603419] acpi PNP0A03:00: _OSC: not requesting OS control; OS requires [ExtendedConfig ASPM ClockPM MSI]
[   13.622450] acpi PNP0A03:00: fail to add MMCONFIG information, can't access extended PCI configuration space under this bridge.
[   13.664054] PCI host bridge to bus 0000:00
[   13.689426] pci_bus 0000:00: root bus resource [io  0x0000-0x0cf7 window]
[   13.696951] pci_bus 0000:00: root bus resource [io  0x0d00-0xffff window]
[   13.718789] pci_bus 0000:00: root bus resource [mem 0x000a0000-0x000bffff window]
[   13.741116] pci_bus 0000:00: root bus resource [mem 0x40000000-0xfdffffff window]
[   13.756676] pci_bus 0000:00: root bus resource [bus 00-ff]
[   13.770572] pci 0000:00:01.1: legacy IDE quirk: reg 0x10: [io  0x01f0-0x01f7]
[   13.813872] pci 0000:00:01.1: legacy IDE quirk: reg 0x14: [io  0x03f6]
[   13.825594] pci 0000:00:01.1: legacy IDE quirk: reg 0x18: [io  0x0170-0x0177]
[   13.840392] pci 0000:00:01.1: legacy IDE quirk: reg 0x1c: [io  0x0376]
[   13.921511] pci 0000:00:07.0: quirk: [io  0x4000-0x403f] claimed by PIIX4 ACPI
[   13.969345] pci 0000:00:07.0: quirk: [io  0x4100-0x410f] claimed by PIIX4 SMB
[   14.010414] ACPI: PCI Interrupt Link [LNKA] (IRQs 5 9 10 *11)
[   14.057256] ACPI: PCI Interrupt Link [LNKB] (IRQs 5 9 *10 11)
[   14.118476] ACPI: PCI Interrupt Link [LNKC] (IRQs 5 *9 10 11)
[   14.136168] ACPI: PCI Interrupt Link [LNKD] (IRQs 5 9 10 *11)
[   14.140092] ACPI: Enabled 2 GPEs in block 00 to 07
[   14.177809] vgaarb: setting as boot device: PCI:0000:00:02.0
[   14.245284] vgaarb: device added: PCI:0000:00:02.0,decodes=io+mem,owns=io+mem,locks=none
[   14.261857] vgaarb: loaded
[   14.274681] vgaarb: bridge control possible 0000:00:02.0
[   14.277796] SCSI subsystem initialized
[   14.285991] ACPI: bus type USB registered
[   14.290922] usbcore: registered new interface driver usbfs
[   14.301024] usbcore: registered new interface driver hub
[   14.328217] usbcore: registered new device driver usb
[   14.360298] PCI: Using ACPI for IRQ routing
[   14.372969] NetLabel: Initializing
[   14.376818] NetLabel:  domain hash size = 128
[   14.380826] NetLabel:  protocols = UNLABELED CIPSOv4
[   14.388259] NetLabel:  unlabeled traffic allowed by default
[   14.459136] amd_nb: Cannot enumerate AMD northbridges
[   14.500201] clocksource: Switched to clocksource kvm-clock
[   14.540186] AppArmor: AppArmor Filesystem Enabled
[  1.513] npPn APIinit
   1.883] p:nPACI:oud  dics
[   15.334837] clocksource: acpi_pm: mask: 0xffffff max_cycles: 0xffffff, max_idle_ns: 2085701024 ns
[   15.342706] NET: Registered protocol family 2
[   15.350042] TCP established hash table entries: 8192 (order: 4, 65536 bytes)
[   15.368074] TCP bind hash table entries: 8192 (order: 5, 131072 bytes)
[   15.374690] TCP: Hash tables configured (established 8192 bind 8192)
[   15.377938] UDP hash table entries: 512 (order: 2, 16384 bytes)
[   15.381905] UDP-Lite hash table entries: 512 (order: 2, 16384 bytes)
[   15.385380] NET: Registered protocol family 1
[   15.397200] pci 0000:00:00.0: Limiting direct PCI/PCI transfers
[   15.403874] pci 0000:00:01.0: Activating ISA DMA hang workarounds
[   15.432962] Unpacking initramfs...
[   16.931541] Freeing initrd memory: 10792K
[   16.940765] platform rtc_cmos: registered platform RTC device (no PNP device found)
[   16.942011] Scanning for low memory corruption every 60 seconds
[   16.944523] audit: initializing netlink subsys (disabled)
[   16.945337] audit: type=2000 audit(1519299947.409:1): initialized
[   16.946426] Initialise system trusted keyring
[   16.947296] HugeTLB registered 2 MB page size, pre-allocated 0 pages
[   16.949298] zbud: loaded
[   16.949958] VFS: Disk quotas dquot_6.6.0
[   16.950627] VFS: Dquot-cache hash table entries: 512 (order 0, 4096 bytes)
[   16.951764] squashfs: version 4.0 (2009/01/31) Phillip Lougher
[   16.952884] fuse init (API version 7.23)
[   16.954863] Key type big_key registered
[   16.955517] Allocating IMA MOK and blacklist keyrings.
[   16.957493] Key type asymmetric registered
[   17.037333] Asymmetric key parser 'x509' registered
[   17.108398] Block layer SCSI generic (bsg) driver version 0.4 loaded (major 249)
[   17.119093] io scheduler noop registered
[   17.190983] io scheduler deadline registered (default)
[   17.274248] io scheduler cfq registered
[   17.320354] pci_hotplug: PCI Hot Plug PCI Core version: 0.5
[   17.416202] pciehp: PCI Express Hot Plug Controller Driver version: 0.4
[   17.486724] ACPI: AC Adapter [AC] (off-line)
[   17.497407] input: Power Button as /devices/LNXSYSTM:00/LNXPWRBN:00/input/input0
[   17.502730] ACPI: Power Button [PWRF]
[   17.520658] input: Sleep Button as /devices/LNXSYSTM:00/LNXSLPBN:00/input/input1
[   17.532514] ACPI: Sleep Button [SLPF]
[   17.535541] GHES: HEST is not enabled!
[   17.536497] ACPI: Battery Slot [BAT0] (battery present)
[   17.643693] Serial: 8250/16550 driver, 32 ports, IRQ sharing enabled
[   17.819067] 00:02: ttyS0 at I/O 0x3f8 (irq = 4, base_baud = 115200) is a 16550A
[   17.833372] Linux agpgart interface v0.103
[   17.861526] loop: module loaded
[   17.870298] scsi host0: ata_piix
[   17.874059] scsi host1: ata_piix
[   17.925193] ata1: PATA max UDMA/33 cmd 0x1f0 ctl 0x3f6 bmdma 0xd000 irq 14
[   18.054519] ata2: PATA max UDMA/33 cmd 0x170 ctl 0x376 bmdma 0xd008 irq 15
[   18.156020] tsc: Refined TSC clocksource calibration: 2903.007 MHz
[   18.202820] clocksource: tsc: mask: 0xffffffffffffffff max_cycles: 0x29d85c14789, max_idle_ns: 440795347274 ns
[   18.203198] libphy: Fixed MDIO Bus: probed
[   18.203200] tun: Universal TUN/TAP device driver, 1.6
[   18.203200] tun: (C) 1999-2004 Max Krasnyansky <maxk@qualcomm.com>
[   18.203239] PPP generic driver version 2.4.2
[   18.203281] ehci_hcd: USB 2.0 'Enhanced' Host Controller (EHCI) Driver
[   18.203285] ehci-pci: EHCI PCI platform driver
[   18.203291] ehci-platform: EHCI generic platform driver
[   18.203297] ohci_hcd: USB 1.1 'Open' Host Controller (OHCI) Driver
[   18.203300] ohci-pci: OHCI PCI platform driver
[   18.203305] ohci-platform: OHCI generic platform driver
[   18.203311] uhci_hcd: USB Universal Host Controller Interface driver
[   18.203354] i8042: PNP: PS/2 Controller [PNP0303:PS2K,PNP0f03:PS2M] at 0x60,0x64 irq 1,12
[   18.203824] serio: i8042 KBD port at 0x60,0x64 irq 1
[   18.203827] serio: i8042 AUX port at 0x60,0x64 irq 12
[   18.203909] mousedev: PS/2 mouse device common for all mice
[   18.204135] input: AT Translated Set 2 keyboard as /devices/platform/i8042/serio0/input/input2
[   18.204452] rtc_cmos rtc_cmos: rtc core: registered rtc_cmos as rtc0
[   18.204502] rtc_cmos rtc_cmos: alarms up to one day, 114 bytes nvram
[   18.204506] i2c /dev entries driver
[   18.204545] device-mapper: uevent: version 1.0.3
[   18.204588] device-mapper: ioctl: 4.34.0-ioctl (2015-10-28) initialised: dm-devel@redhat.com
[   18.204604] ledtrig-cpu: registered to indicate activity on CPUs
[   18.204825] NET: Registered protocol family 10
[   18.204932] NET: Registered protocol family 17
[   18.204941] Key type dns_resolver registered
[   18.205041] microcode: CPU0 sig=0x806e9, pf=0x2, revision=0x0
[   18.205989] microcode: CPU1 sig=0x806e9, pf=0x2, revision=0x0
[   18.206010] microcode: Microcode Update Driver: v2.01 <tigran@aivazian.fsnet.co.uk>, Peter Oruba
[   18.206094] registered taskstats version 1
[   18.206105] Loading compiled-in X.509 certificates
[   18.206673] Loaded X.509 cert 'Build time autogenerated kernel key: 4c603087bab8f0a02cb3b4e1fb4c40f507e71ef1'
[   18.206686] zswap: loaded using pool lzo/zbud
[   18.208242] Key type trusted registered
[   18.211272] Key type encrypted registered
[   18.211277] AppArmor: AppArmor sha1 policy hashing enabled
[   18.211281] ima: No TPM chip found, activating TPM-bypass!
[   18.211300] evm: HMAC attrs: 0x1
[   18.211525]   Magic number: 6:31:783
[   18.212086] rtc_cmos rtc_cmos: setting system clock to 2018-02-22 11:45:58 UTC (1519299958)
[   18.212166] BIOS EDD facility v0.16 2004-Jun-25, 0 devices found
[   18.212167] EDD information not available.
[   18.795725] Freeing unused kernel memory: 1508K
[   19.792703] Write protecting the kernel read-only data: 14336k
[   19.814764] Freeing unused kernel memory: 1728K
[   19.823156] Freeing unused kernel memory: 108K
Loading, please wait...
startin[   19.866146] random: systemd-udevd: uninitialized urandom read (16 bytes read, 7 bits of entropy available)
g version 229
[   19.866636] random: udevadm: uninitialized urandom read (16 bytes read, 7 bits of entropy available)
[   19.866660] random: udevadm: uninitialized urandom read (16 bytes read, 7 bits of entropy available)
[   19.878198] random: udevadm: uninitialized urandom read (16 bytes read, 7 bits of entropy available)
[   19.878257] random: udevadm: uninitialized urandom read (16 bytes read, 7 bits of entropy available)
[   19.878492] random: udevadm: uninitialized urandom read (16 bytes read, 7 bits of entropy available)
[   19.878560] random: udevadm: uninitialized urandom read (16 bytes read, 7 bits of entropy available)
[   19.878620] random: udevadm: uninitialized urandom read (16 bytes read, 7 bits of entropy available)
[   19.878678] random: udevadm: uninitialized urandom read (16 bytes read, 7 bits of entropy available)
[   19.878733] random: udevadm: uninitialized urandom read (16 bytes read, 7 bits of entropy available)
[   20.297979] Fusion MPT base driver 3.04.20
[   20.306608] Copyright (c) 1999-2008 LSI Corporation
[   20.312408] e1000: Intel(R) PRO/1000 Network Driver - version 7.3.21-k8-NAPI
[   20.319197] e1000: Copyright (c) 1999-2006 Intel Corporation.
[   20.349228] Fusion MPT SPI Host driver 3.04.20
[   20.374537] AVX2 version of gcm_enc/dec engaged.
[   20.383024] AES CTR mode by8 optimization enabled
[   20.569687] input: ImExPS/2 Generic Explorer Mouse as /devices/platform/i8042/serio1/input/input4
[   20.737667] e1000 0000:00:03.0 eth0: (PCI:33MHz:32-bit) 02:69:07:7b:a1:bd
[   20.887648] e1000 0000:00:03.0 eth0: Intel(R) PRO/1000 Network Connection
[   20.902991] mptbase: ioc0: Initiating bringup
[   20.903837] e1000 0000:00:03.0 enp0s3: renamed from eth0
[   20.993571] ioc0: LSI53C1030 A0: Capabilities={Initiator}
[   22.136325] scsi host2: ioc0: LSI53C1030 A0, FwRev=00000000h, Ports=1, MaxQ=256, IRQ=20
[   22.872378] scsi 2:0:0:0: Direct-Access     VBOX     HARDDISK         1.0  PQ: 0 ANSI: 5
[   22.910325] scsi target2:0:0: Beginning Domain Validation
[   22.917382] scsi target2:0:0: Domain Validation skipping write tests
[   23.039154] scsi target2:0:0: Ending Domain Validation
[   23.093816] scsi target2:0:0: asynchronous
[   23.133997] scsi 2:0:1:0: Direct-Access     VBOX     HARDDISK         1.0  PQ: 0 ANSI: 5
[   23.179822] scsi target2:0:1: Beginning Domain Validation
[   23.198928] scsi target2:0:1: Domain Validation skipping write tests
[   23.245855] scsi target2:0:1: Ending Domain Validation
[   23.276414] scsi target2:0:1: asynchronous
[   23.284103] sd 2:0:0:0: [sda] 20971520 512-byte logical blocks: (10.7 GB/10.0 GiB)
[   23.284377] sd 2:0:0:0: Attached scsi generic sg0 type 0
[   23.401091] floppy0: no floppy controllers found
[   23.470047] sd 2:0:1:0: Attached scsi generic sg1 type 0
[   23.477331] sd 2:0:1:0: [sdb] 20480 512-byte logical blocks: (10.5 MB/10.0 MiB)
[   23.477547] sd 2:0:0:0: [sda] Write Protect is off
[   23.477633] sd 2:0:0:0: [sda] Incomplete mode parameter data
[   23.477634] sd 2:0:0:0: [sda] Assuming drive cache: write through
[   23.557669]  sda: sda1
[   23.558230] sd 2:0:0:0: [sda] Attached SCSI disk
[   23.631577] sd 2:0:1:0: [sdb] Write Protect is off
[   23.652949] sd 2:0:1:0: [sdb] Incomplete mode parameter data
[   23.675103] sd 2:0:1:0: [sdb] Assuming drive cache: write through
[   23.713517] sd 2:0:1:0: [sdb] Attached SCSI disk
Begin: Loading e[   25.109206] md: linear personality registered for level -1
ssential drivers[   25.254020] md: multipath personality registered for level -4
 ... [   25.391936] md: raid0 personality registered for level 0
[   25.471358] md: raid1 personality registered for level 1
[   25.660235] raid6: sse2x1   gen() 11645 MB/s
[   25.788309] raid6: sse2x1   xor()  9169 MB/s
[   25.916702] raid6: sse2x2   gen() 14835 MB/s
[   26.056236] raid6: sse2x2   xor()  7354 MB/s
[   26.137307] raid6: sse2x4   gen() 11426 MB/s
[   26.244538] raid6: sse2x4   xor() 10758 MB/s
[   26.392610] raid6: avx2x1   gen() 19453 MB/s
[   26.480378] raid6: avx2x2   gen() 22428 MB/s
[   26.612420] raid6: avx2x4   gen() 23526 MB/s
[   26.620764] raid6: using algorithm avx2x4 gen() 23526 MB/s
[   26.627547] raid6: using avx2x2 recovery algorithm
[   26.641274] xor: automatically using best checksumming function:
[   26.692641]    avx       : 14003.000 MB/sec
[   26.696979] async_tx: api initialized (async)
[   26.714019] md: raid6 personality registered for level 6
[   26.734760] md: raid5 personality registered for level 5
[   26.746170] md: raid4 personality registered for level 4
[   26.759768] md: raid10 personality registered for level 10
done.
Begin: Running /scripts/init-premount ... done.
Begin: Mounting root file system ... Begin: Running /scripts/local-top ... done.
Begin: Running /scripts/local-premount ... [   26.806298] Btrfs loaded
Scanning for Btrfs filesystems
done.
Warning: fsck not present, so sk[   26.851537] EXT4-fs (sda1): mounted filesystem with ordered data mode. Opts: (null)
ipping root file system
done.
Begin: Running /scripts/local-bottom ... done.
Begin: Running /scripts/init-bottom ... done.
[   26.999887] systemd[1]: systemd 229 running in system mode. (+PAM +AUDIT +SELINUX +IMA +APPARMOR +SMACK +SYSVINIT +UTMP +LIBCRYPTSETUP +GCRYPT +GNUTLS +ACL +XZ -LZ4 +SECCOMP +BLKID +ELFUTILS +KMOD -IDN)
[   27.026897] systemd[1]: Detected virtualization oracle.
[   27.028061] systemd[1]: Detected architecture x86-64.

Welcome to [1mUbuntu 16.04.3 LTS[0m!

[   27.069018] systemd[1]: Set hostname to <ubuntu>.
[   27.090838] systemd[1]: Initializing machine ID from random generator.
[   27.113389] systemd[1]: Installed transient /etc/machine-id file.
[   27.297652] systemd[1]: Created slice User and Session Slice.
[[0;32m  OK  [0m] Created slice User and Session Slice.
[   27.505777] systemd[1]: Created slice System Slice.
[[0;32m  OK  [0m] Created slice System Slice.
[   27.647672] systemd[1]: Listening on /dev/initctl Compatibility Named Pipe.
[[0;32m  OK  [0m] Listening on /dev/initctl Compatibility Named Pipe.
[   27.708881] systemd[1]: Listening on Journal Socket (/dev/log).
[[0;32m  OK  [0m] Listening on Journal Socket (/dev/log).
[   27.757049] systemd[1]: Listening on Journal Audit Socket.
[[0;32m  OK  [0m] Listening on Journal Audit Socket.
[   27.849263] systemd[1]: Set up automount Arbitrary Executable File Formats File System Automount Point.
[[0;32m  OK  [0m] Set up automount Arbitrary Executab...ats File System Automount Point.
[   28.036889] systemd[1]: Listening on udev Control Socket.
[[0;32m  OK  [0m] Listening on udev Control Socket.
[   28.229109] systemd[1]: Started Forward Password Requests to Wall Directory Watch.
[[0;32m  OK  [0m] Started Forward Password Requests to Wall Directory Watch.
[   28.336959] systemd[1]: Listening on Syslog Socket.
[[0;32m  OK  [0m] Listening on Syslog Socket.
[   28.361088] systemd[1]: Reached target Encrypted Volumes.
[[0;32m  OK  [0m] Reached target Encrypted Volumes.
[   28.397225] systemd[1]: Reached target Swap.
[[0;32m  OK  [0m] Reached target Swap.
[   28.453394] systemd[1]: Listening on Journal Socket.
[[0;32m  OK  [0m] Listening on Journal Socket.
[   28.520492] systemd[1]: Starting Remount Root and Kernel File Systems...
[   28.529717] EXT4-fs (sda1): re-mounted. Opts: (null)
         Starting Remount Root and Kernel File Systems...
[   28.604817] random: nonblocking pool is initialized
[   28.652660] systemd[1]: Mounting Debug File System...
         Mounting Debug File System...
[   28.716575] systemd[1]: Starting Create list of required static device nodes for the current kernel...
         Starting Create list of required st... nodes for the current kernel...
[   28.816548] systemd[1]: Starting Set console keymap...
         Starting Set console keymap...
[   28.829208] systemd[1]: Mounting Huge Pages File System...
         Mounting Huge Pages File System...
[   28.888829] systemd[1]: Listening on udev Kernel Socket.
[[0;32m  OK  [0m] Listening on udev Kernel Socket.
[   28.925087] systemd[1]: Starting Uncomplicated firewall...
         Starting Uncomplicated firewall...
[   29.025034] systemd[1]: Starting Nameserver information manager...
         Starting Nameserver information manager...
[   29.092503] systemd[1]: Reached target Slices.
[[0;32m  OK  [0m] Reached target Slices.
[   29.188644] systemd[1]: Mounting POSIX Message Queue File System...
         Mounting POSIX Message Queue File System...
[   29.257014] systemd[1]: Listening on Device-mapper event daemon FIFOs.
[[0;32m  OK  [0m] Listening on Device-mapper event daemon FIFOs.
[   29.360529] systemd[1]: Starting Journal Service...
         Starting Journal Service...
[   29.376760] systemd[1]: Starting Load Kernel Modules...
[   9.908]oainiSI rasprtclssv20-87.          Starting Load Kernel Modules...
[   29.938974] iscsi: registered transport (tcp)
[   30.904502] systemd[1]: Listening on LVM2 poll daemon socket.
[[0;32m  OK  [0m] Listening on [   31.059832] iscsi: registered transport (iser)
LVM2 poll daemon socket.
[   31.216681] systemd[1]: Listening on LVM2 metadata daemon socket.
[[0;32m  OK  [0m] Listening on LVM2 metadata daemon socket.
[   31.373379] systemd[1]: Starting Monitoring of LVM2 mirrors, snapshots etc. using dmeventd or progress polling...
         Starting Monitoring of LVM2 mirrors... dmeventd or progress polling...
[   31.463300] systemd[1]: Started Trigger resolvconf update for networkd DNS.
[[0;32m  OK  [0m] Started Trigger resolvconf update for networkd DNS.
[   31.537081] systemd[1]: Created slice system-serial\x2dgetty.slice.
[[0;32m  OK  [0m] Created slice system-serial\x2dgetty.slice.
[   31.619588] systemd[1]: Reached target User and Group Name Lookups.
[[0;32m  OK  [0m] Reached target User and Group Name Lookups.
[   31.717387] systemd[1]: Mounted Debug File System.
[[0;32m  OK  [0m] Mounted Debug File System.
[   31.792760] systemd[1]: Mounted Huge Pages File System.
[[0;32m  OK  [0m] Mounted Huge Pages File System.
[   31.893208] systemd[1]: Mounted POSIX Message Queue File System.
[[0;32m  OK  [0m] Mounted POSIX Message Queue File System.
[   31.972671] systemd[1]: Started Journal Service.
[[0;32m  OK  [0m] Started Journal Service.
[[0;32m  OK  [0m] Started Remount Root and Kernel File Systems.
[[0;32m  OK  [0m] Started Create list of required sta...ce nodes for the current kernel.
[[0;32m  OK  [0m] Started Set console keymap.
[[0;32m  OK  [0m] Started Uncomplicated firewall.
[[0;32m  OK  [0m] Started Load Kernel Modules.
[[0;32m  OK  [0m] Started Nameserver information manager.
[[0;32m  OK  [0m] Started LVM2 metadata daemon.
         Mounting FUSE Control File System...
         Starting Apply Kernel Variables...
         Starting Create Static Device Nodes in /dev...
         Starting Load/Save Random Seed...
         Starting Initial cloud-init job (pre-networking)...
         Starting udev Coldplug all Devices...
         Starting Flush Journal to Persistent Storage...
[[0;32m  OK  [0m] Mounted FUSE Control File System.
[[0;32m  OK  [0m] Started Monitoring of LVM2 mirrors,...ng dmeventd or progress polling.
[[0;32m  OK  [0m] Started Apply Kernel Variables.
[[0;32m  OK  [0m] Started Create Static Device Nodes in /dev.
[[0;32m  OK  [0m] Started Load/Save Random Seed.
[[0;32m  OK  [0m] Started udev Coldplug all Devices.
[[0;32m  OK  [0m] Started Flush Journal to Persistent Storage.
         Starting udev Kernel Device Manager...
[[0;32m  OK  [0m] Started udev Kernel Device Manager.
[[0;32m  OK  [0m] Reached target Local File Systems (Pre).
[[0;32m  OK  [0m] Reached target Local File Systems.
         Starting Set console font and keymap...
         Starting Tell Plymouth To Write Out Runtime Data...
         Starting Create Volatile Files and Directories...
         Starting Commit a transient machine-id on disk...
         Starting LSB: AppArmor initialization...
[[0;32m  OK  [0m] Started Dispatch Password Requests to Console Directory Watch.
[[0;32m  OK  [0m] Started Tell Plymouth To Write Out Runtime Data.
[[0;32m  OK  [0m] Started Create Volatile Files and Directories.
[[0;32m  OK  [0m] Started Commit a transient machine-id on disk.
         Starting Update UTMP about System Boot/Shutdown...
[[0;32m  OK  [0m] Reached target System Time Synchronized.
[[0;32m  OK  [0m] Started Update UTMP about System Boot/Shutdown.
[[0;32m  OK  [0m] Found device /dev/ttyS0.
[[0;1;31mFAILED[0m] Failed to start Set console font and keymap.
See 'systemctl status console-setup.service' for details.
[   20.146421] cloud-init[453]: Cloud-init v. 17.1 running 'init-local' at Thu, 22 Feb 2018 11:46:13 +0000. Up 19.54 seconds.
[[0;32m  OK  [0m] Started Initial cloud-init job (pre-networking).
[[0;32m  OK  [0m] Reached target Network (Pre).
[[0;32m  OK  [0m] Listening on Load/Save RF Kill Switch Status /dev/rfkill Watch.
[[0;32m  OK  [0m] Created slice system-getty.slice.
[[0;32m  OK  [0m] Started LSB: AppArmor initialization.
         Starting Raise network interfaces...
[[0;32m  OK  [0m] Started Raise network interfaces.
         Starting Initial cloud-init job (metadata service crawler)...
[[0;32m  OK  [0m] Reached target Network.
[   23.368836] cloud-init[908]: Cloud-init v. 17.1 running 'init' at Thu, 22 Feb 2018 11:46:17 +0000. Up 22.83 seconds.
[[0;32m  OK  [0m] Started Initial cloud-init job (metadata service crawler).
[   23.522469] cloud-init[908]: ci-info: +++++++++++++++++++++++++++++++++++++Net device info+++++++++++++++++++++++++++++++++++++
[   23.788818] cloud-init[908]: ci-info: +--------+------+---------------------------+---------------+-------+-------------------+
[   23.941623] cloud-init[908]: ci-info: | Device |  Up  |          Address          |      Mask     | Scope |     Hw-Address    |
[   24.025710] cloud-init[908]: ci-info: +--------+------+---------------------------+---------------+-------+-------------------+
[   24.055951] cloud-init[908]: ci-info: | enp0s3 | True |         10.0.2.15         | 255.255.255.0 |   .   | 02:69:07:7b:a1:bd |
[   24.088706] cloud-init[908]: ci-info: | enp0s3 | True | fe80::69:7ff:fe7b:a1bd/64 |       .       |  link | 02:69:07:7b:a1:bd |
[   24.144241] cloud-init[908]: ci-info: |   lo   | True |         127.0.0.1         |   255.0.0.0   |   .   |         .         |
[   24.144373] cloud-init[908]: ci-info: |   lo   | True |          ::1/128          |       .       |  host |         .         |
[   24.144447] cloud-init[908]: ci-info: +--------+------+---------------------------+---------------+-------+-------------------+
[   24.144755] cloud-init[908]: ci-info: +++++++++++++++++++++++++++Route IPv4 info++++++++++++++++++++++++++++
[   24.144839] cloud-init[908]: ci-info: +-------+-------------+----------+---------------+-----------+-------+
[   24.144912] cloud-init[908]: ci-info: | Route | Destination | Gateway  |    Genmask    | Interface | Flags |
[   24.144987] cloud-init[908]: ci-info: +-------+-------------+----------+---------------+-----------+-------+
[   24.145108] cloud-init[908]: ci-info: |   0   |   0.0.0.0   | 10.0.2.2 |    0.0.0.0    |   enp0s3  |   UG  |
[   24.145185] cloud-init[908]: ci-info: |   1   |   10.0.2.0  | 0.0.0.0  | 255.255.255.0 |   enp0s3  |   U   |
[   24.145278] cloud-init[908]: ci-info: +-------+-------------+----------+---------------+-----------+-------+
[   24.145387] cloud-init[908]: Generating public/private rsa key pair.
[   24.145462] cloud-init[908]: Your identification has been saved in /etc/ssh/ssh_host_rsa_key.
[   24.145554] cloud-init[908]: Your public key has been saved in /etc/ssh/ssh_host_rsa_key.pub.
[   24.145625] cloud-init[908]: The key fingerprint is:
[   24.145696] cloud-init[908]: SHA256:M7adIPOJ7qJKAPtDHzK+aAgoPeWXOVPq3XR2csCTWzA root@ubuntu-xenial
[   24.145770] cloud-init[908]: The key's randomart image is:
[   24.145840] cloud-init[908]: +---[RSA 2048]----+
[   24.145908] cloud-init[908]: |                 |
[   24.145975] cloud-init[908]: |            E    |
[   24.146050] cloud-init[908]: |.          . +   |
[   24.146121] cloud-init[908]: |..  .   .   = .  |
[   24.146194] cloud-init[908]: |+.+o. o=S    =   |
[   24.146268] cloud-init[908]: |=+o+..B* B..= o  |
[   24.146343] cloud-init[908]: |+.+..o.++ooo +   |
[   24.146416] cloud-init[908]: |oo o... . .      |
[   24.146531] cloud-init[908]: |+.o. oo          |
[   24.146603] cloud-init[908]: +----[SHA256]-----+
[   24.146874] cloud-init[908]: Generating public/private dsa key pair.
[   24.147132] cloud-init[908]: Your identification has been saved in /etc/ssh/ssh_host_dsa_key.
[   24.147392] cloud-init[908]: Your public key has been saved in /etc/ssh/ssh_host_dsa_key.pub.
[   24.147682] cloud-init[908]: The key fingerprint is:
[[0;32m  OK  [0m] Reached target System Initialization.
[[0;32m  OK  [0m] Listening on D-Bus System Message Bus Socket.
[[0;32m  OK  [0m] Listening on UUID daemon activation socket.
[   24.147923] cloud-init[908]: SHA256:RmSi4mD7/LiyhEkcBlm72dbCwbpEBWORB7lBNUlol2Q root@ubuntu-xenial
[   26.936196] cloud-init[908]: The key's randomart image is:
[   26.936298] cloud-init[908]: +---[DSA 1024]----+
[   26.936449] cloud-init[908]: |.+O@Eo. o        |
[   26.936506] cloud-init[908]: |o.**=o +         |
[   26.936558] cloud-init[908]: |.=+=+   .        |
[   26.936616] cloud-init[908]: |+++B o .         |
[   26.936685] cloud-init[908]: | +* = . S        |
[   26.936747] cloud-init[908]: |oooo . .         |
[   26.936811] cloud-init[908]: |o..o             |
[   26.936874] cloud-init[908]: |..  o            |
[   26.936934] cloud-init[908]: | .oo..           |
[   26.936996] cloud-init[908]: +----[SHA256]-----+
[   26.937057] cloud-init[908]: Generating public/private ecdsa key pair.
[   26.937133] cloud-init[908]: Your identification has been saved in /etc/ssh/ssh_host_ecdsa_key.
[   26.937198] cloud-init[908]: Your public key has been saved in /etc/ssh/ssh_host_ecdsa_key.pub.
[   26.937259] cloud-init[908]: The key fingerprint is:
[   26.937319] cloud-init[908]: SHA256:t1ttX3V1mvsX5mXwfXhl0kYTiUpioLfSbIQK+muoTJ0 root@ubuntu-xenial
[   26.937379] cloud-init[908]: The key's randomart image is:
[   26.937444] cloud-init[908]: +---[ECDSA 256]---+
[   26.937507] cloud-init[908]: |       ..     ..o|
[   26.937571] cloud-init[908]: |      o  o . . o.|
[   26.937635] cloud-init[908]: | .   o o. o .  o+|
[   26.937692] cloud-init[908]: |. . . = .  .  ooB|
[   26.937734] cloud-init[908]: |.  . . =S .   oB=|
[   26.937774] cloud-init[908]: | .. . o  . . ..+X|
[   26.937815] cloud-init[908]: | o.E      . . *o=|
[   26.937855] cloud-init[908]: |+ ..       o . +o|
[   26.937895] cloud-init[908]: |oo.       .     +|
[   26.937935] cloud-init[908]: +----[SHA256]-----+
[   26.937975] cloud-init[908]: Generating public/private ed25519 key pair.
[   26.938018] cloud-init[908]: Your identification has been saved in /etc/ssh/ssh_host_ed25519_key.
[   26.938080] cloud-init[908]: Your public key has been saved in /etc/ssh/ssh_host_ed25519_key.pub.
[   26.938129] cloud-init[908]: The key fingerprint is:
[   26.938169] cloud-init[908]: SHA256:I4kNpVnsG7hiGRnysof3rehAzbUs6BaAShi7XYMXHwk root@ubuntu-xenial
[   26.938210] cloud-init[908]: The key's randomart image is:
[   26.938251] cloud-init[908]: +--[ED25519 256]--+
[   26.938290] cloud-init[908]: |.   Eo+.         |
[   26.938330] cloud-init[908]: |+o.. Bo.         |
[   26.938370] cloud-init[908]: |=+.oB+.          |
[   26.938409] cloud-init[908]: |=oBo+=+.         |
[   26.938448] cloud-init[908]: |oB.*.++oS        |
[   26.938488] cloud-init[908]: |= B o .. .       |
[   26.938529] cloud-init[908]: |.* o .           |
[   26.938569] cloud-init[908]: |.. .. .          |
[   26.938809] cloud-init[908]: | .o ..           |
[   26.938857] cloud-init[908]: +----[SHA256]-----+
         Starting LXD - unix socket.
[[0;32m  OK  [0m] Started Daily Cleanup of Temporary Directories.
[[0;32m  OK  [0m] Started ACPI Events Check.
[[0;32m  OK  [0m] Reached target Paths.
[[0;32m  OK  [0m] Started Timer to automatically refresh installed snaps.
         Starting Socket activation for snappy daemon.
[[0;32m  OK  [0m] Listening on ACPID Listen Socket.
[[0;32m  OK  [0m] Reached target Network is Online.
[[0;32m  OK  [0m] Started Daily apt download activities.
[[0;32m  OK  [0m] Started Daily apt upgrade and clean activities.
[[0;32m  OK  [0m] Reached target Timers.
         Starting iSCSI initiator daemon (iscsid)...
[[0;32m  OK  [0m] Reached target Cloud-config availability.
[[0;32m  OK  [0m] Listening on LXD - unix socket.
[[0;32m  OK  [0m] Listening on Socket activation for snappy daemon.
[[0;32m  OK  [0m] Reached target Sockets.
[[0;32m  OK  [0m] Reached target Basic System.
         Starting Snappy daemon...
         Starting Apply the settings specified in cloud-config...
[[0;32m  OK  [0m] Started ACPI event daemon.
         Starting Pollinate to seed the pseudo random number generator...
         Starting Login Service...
[[0;32m  OK  [0m] Started D-Bus System Message Bus.
[[0;32m  OK  [0m] Started Deferred execution scheduler.
[[0;32m  OK  [0m] Started Regular background program processing daemon.
         Starting Accounts Service...
[[0;32m  OK  [0m] Started FUSE filesystem for LXC.
         Starting /etc/rc.local Compatibility...
[[0;32m  OK  [0m] Started Unattended Upgrades Shutdown.
         Starting System Logging Service...
         Starting LSB: Record successful boot for GRUB...
         Starting LSB: MD monitoring daemon...
         Starting LXD - container startup/shutdown...
[[0;32m  OK  [0m] Started Snappy daemon.
[[0;32m  OK  [0m] Started System Logging Service.
[[0;32m  OK  [0m] Started iSCSI initiator daemon (iscsid).
[[0;32m  OK  [0m] Started /etc/rc.local Compatibility.
[   30.483795] cloud-init[1010]: Generating locales (this might take a while)...
[[0;32m  OK  [0m] Started Login Service.
[[0;32m  OK  [0m] Started LSB: Record successful boot for GRUB.
[[0;32m  OK  [0m] Started LSB: MD monitoring daemon.
[[0;32m  OK  [0m] Started LXD - container startup/shutdown.
         Starting Authenticate and Authorize Users to Run Privileged Tasks...
         Starting Login to default iSCSI targets...
[[0;32m  OK  [0m] Started Authenticate and Authorize Users to Run Privileged Tasks.
[[0;32m  OK  [0m] Started Accounts Service.
[[0;32m  OK  [0m] Started Login to default iSCSI targets.
[[0;32m  OK  [0m] Reached target Remote File Systems (Pre).
[[0;32m  OK  [0m] Reached target Remote File Systems.
         Starting LSB: VirtualBox Linux Additions...
         Starting LSB: automatic crash report generation...
         Starting LSB: daemon to balance interrupts for SMP systems...
         Starting Permit User Sessions...
         Starting LSB: Set the CPU Frequency Scaling governor to "ondemand"...
[[0;32m  OK  [0m] Started Permit User Sessions.
         Starting Terminate Plymouth Boot Screen...
         Starting Hold until boot process finishes up...
[[0;32m  OK  [0m] Started LSB: automatic crash report generation.
[[0;32m  OK  [0m] Started LSB: VirtualBox Linux Additions.
[[0;32m  OK  [0m] Started LSB: daemon to balance interrupts for SMP systems.
[[0;32m  OK  [0m] Started LSB: Set the CPU Frequency Scaling governor to "ondemand".
[[0;32m  OK  [0m] Started Terminate Plymouth Boot Screen.
[[0;32m  OK  [0m] Started Hold until boot process finishes up.
         Starting Set console scheme...
[[0;32m  OK  [0m] Started Getty on tty1.
[[0;32m  OK  [0m] Started Serial Getty on ttyS0.
[[0;32m  OK  [0m] Reached target Login Prompts.
[[0;32m  OK  [0m] Started Set console scheme.
[   31.674378] cloud-init[1010]:   en_US.UTF-8... done
[   31.687317] cloud-init[1010]: Generation complete.
[   32.009113] cloud-init[1010]: Cloud-init v. 17.1 running 'modules:config' at Thu, 22 Feb 2018 11:46:24 +0000. Up 30.25 seconds.
[[0;32m  OK  [0m] Started Apply the settings specified in cloud-config.
[[0;32m  OK  [0m] Started Pollinate to seed the pseudo random number generator.
         Starting OpenBSD Secure Shell server...
[[0;32m  OK  [0m] Started OpenBSD Secure Shell server.
[[0;32m  OK  [0m] Reached target Multi-User System.
[[0;32m  OK  [0m] Reached target Graphical Interface.
         Starting Execute cloud user/final scripts...
         Starting Update UTMP about System Runlevel Changes...
[[0;32m  OK  [0m] Started Update UTMP about System Runlevel Changes.
ci-info: no authorized ssh keys fingerprints found for user ubuntu.
<14>Feb 22 11:46:27 ec2: 
<14>Feb 22 11:46:27 ec2: #############################################################
<14>Feb 22 11:46:27 ec2: -----BEGIN SSH HOST KEY FINGERPRINTS-----
<14>Feb 22 11:46:27 ec2: 1024 SHA256:RmSi4mD7/LiyhEkcBlm72dbCwbpEBWORB7lBNUlol2Q root@ubuntu-xenial (DSA)
<14>Feb 22 11:46:27 ec2: 256 SHA256:t1ttX3V1mvsX5mXwfXhl0kYTiUpioLfSbIQK+muoTJ0 root@ubuntu-xenial (ECDSA)
<14>Feb 22 11:46:27 ec2: 256 SHA256:I4kNpVnsG7hiGRnysof3rehAzbUs6BaAShi7XYMXHwk root@ubuntu-xenial (ED25519)
<14>Feb 22 11:46:27 ec2: 2048 SHA256:M7adIPOJ7qJKAPtDHzK+aAgoPeWXOVPq3XR2csCTWzA root@ubuntu-xenial (RSA)
<14>Feb 22 11:46:27 ec2: -----END SSH HOST KEY FINGERPRINTS-----
<14>Feb 22 11:46:27 ec2: #############################################################
-----BEGIN SSH HOST KEY KEYS-----
ecdsa-sha2-nistp256 AAAAE2VjZHNhLXNoYTItbmlzdHAyNTYAAAAIbmlzdHAyNTYAAABBBD/orAl2pFP2kP7SQGON+0+D/ZCdEPRIbjClcE2qncFh0Cet9aXzm0Bx8u3JutjzvBW/eXGw6X9k+7w6jMQ0hDQ= root@ubuntu-xenial
ssh-ed25519 AAAAC3NzaC1lZDI1NTE5AAAAIOpaIyyGkXD4Icflk6PuiqcB8AqNeIfvahkh6LDDGFDK root@ubuntu-xenial
ssh-rsa AAAAB3NzaC1yc2EAAAADAQABAAABAQC4L1/WYCZkDYwevMh1qdRM5GTQjYXOOcfDEx6pWEPnIn5/ERv2lMcC42NKh6LpnHrhO0VMoqZGWxQSrKXXjdDYDlCoMZdW/zkLLRJbswsWliLixqovG/XWPS1eO0sZGAE7dvZ3Bf0raiHNzCofAZzw4gl/R+1BBUlzkviyXnvvaRuSujZWOXc/W9iusajrY7g/rlpYHX3UNPnJqPCq+s9EGyQkqT51gcdW5MmmGyoLMt5qOyde2LBQIQnGYg/8Wv8GdPFUIOzBGRSfzcKklh9GgBvNZT50m+DhCTpdh4X6huntUWI5VCl0Y3HJfZsHopd4m9v+k2EVXz6Tp+rII0Zn root@ubuntu-xenial
-----END SSH HOST KEY KEYS-----
[[0;32m  OK  [0m] Created slice User Slice of vagrant.
[   33.859093] cloud-init[1264]: Cloud-init v. 17.1 running 'modules:final' at Thu, 22 Feb 2018 11:46:27 +0000. Up 32.78 seconds.
[   33.909284]          Starting User Manager for UID 1000...
cloud-init[1264]: ci-info: no authorized ssh keys fingerprints found for user ubuntu.
[   33.986901] [cloud-init[0;32m  OK  [0m[1264]: ] Cloud-init v. 17.1 finished at Thu, 22 Feb 2018 11:46:28 +0000. Datasource DataSourceNoCloud [seed=/dev/sdb][dsmode=net].  Up 33.84 secondsStarted Session 1 of user vagrant.

[[0;32m  OK  [0m] Started User Manager for UID 1000.
[[0;32m  OK  [0m] Started Execute cloud user/final scripts.
[[0;32m  OK  [0m] Reached target Cloud-init target.

Ubuntu 16.04.3 LTS ubuntu-xenial ttyS0

ubuntu-xenial login:          Stopping ACPI event daemon...
[  OK ][  OK  ] Unmounted /var/lib/lxcfs.
[  OK  ] Stopped Snappy daemon.
[  OK  ] Stopped ACPI event daemon.
[  OK  ] Stopped Deferred execution scheduler.
[  OK  ] Stopped Regular background program processing daemon.
[  OK  ] Stopped Accounts Service.
[  OK  ] Stopped System Logging Service.
[  OK  ] Stopped Authenticate and Authorize Users to Run Privileged Tasks.
[  OK  ] Stopped Getty on tty1.
[  OK  ] Stopped Serial Getty on ttyS0.
[  OK  ] Stopped OpenBSD Secure Shell server.
[  OK  ] Stopped Daemon for generating UUIDs.
[  OK  ] Stopped User Manager for UID 1000.
[  OK  ] Stopped Session 5 of user vagrant.
[  OK  ] Stopped Unattended Upgrades Shutdown.
[  OK  ] Stopped D-Bus System Message Bus.
[  OK  ] Stopped FUSE filesystem for LXC.
[  OK  ] Stopped LSB: Record successful boot for GRUB.
[  OK  ] Stopped LSB: Set the CPU Frequency Scaling governor to "ondemand".
[  OK  ] Stopped LSB: automatic crash report generation.
[  OK  ] Stopped LSB: daemon to balance interrupts for SMP systems.
[  OK  ] Stopped LXD - container startup/shutdown.
[  OK  ] Stopped LSB: MD monitoring daemon.
[  OK  ] Stopped LSB: VirtualBox Linux Additions.
[  OK  ] Removed slice User Slice of vagrant.
         Stopping Login Service...
[  OK  ] Removed slice system-serial\x2dgetty.slice.
[  OK  ] Removed slice system-getty.slice.
[  OK  ] Stopped /etc/rc.local Compatibility.
         Stopping Permit User Sessions...
[  OK  ] Stopped Permit User Sessions.
[  OK  ] Stopped Login Service.
[  OK  ] Stopped target User and Group Name Lookups.
[  OK  ] Stopped target Remote File Systems.
[  OK  ] Stopped target Remote File Systems (Pre).
         Stopping Login to default iSCSI targets...
[  OK  ] Stopped target Basic System.
[  OK  ] Stopped target Paths.
[  OK  ] Stopped Dispatch Password Requests to Console Directory Watch.
[  OK  ] Stopped ACPI Events Check.
[  OK  ] Stopped Forward Password Requests to Wall Directory Watch.
[  OK  ] Stopped target Sockets.
[  OK  ] Closed UUID daemon activation socket.
[  OK  ] Closed Socket activation for snappy daemon.
[  OK  ] Closed LXD - unix socket.
[  OK  ] Closed Syslog Socket.
[  OK  ] Closed D-Bus System Message Bus Socket.
[  OK  ] Closed ACPID Listen Socket.
[  OK  ] Stopped target System Initialization.
[  OK  ] Stopped Commit a transient machine-id on disk.
[  OK  ] Stopped target Swap.
[  OK  ] Stopped Create Volatile Files and Directories.
         Stopping Load/Save Random Seed...
[  OK  ] Stopped target Encrypted Volumes.
[  OK  ] Stopped target Slices.
[  OK  ] Removed slice User and Session Slice.
[  OK  ] Stopped Load/Save Random Seed.
[  OK  ] Stopped Login to default iSCSI targets.
         Stopping iSCSI initiator daemon (iscsid)...
[  OK  ] Stopped iSCSI initiator daemon (iscsid).
[  OK  ] Stopped target Network is Online.
[  OK  ] Stopped Initial cloud-init job (metadata service crawler).
[  OK  ] Stopped target Network.
         Stopping Raise network interfaces...
[  OK  ] Stopped Raise network interfaces.
[  OK  ] Stopped target Local File Systems.
         Unmounting /vagrant...
         Unmounting /run/user/1000...
[  OK  ] Stopped target Network (Pre).
[  OK  ] Stopped Initial cloud-init job (pre-networking).
[  OK  ] Stopped Apply Kernel Variables.
[  OK  ] Stopped Load Kernel Modules.
[  OK  ] Unmounted /vagrant.
[  OK  ] Unmounted /run/user/1000.
[  OK  ] Reached target Unmount All Filesystems.
[  OK  ] Stopped target Local File Systems (Pre).
[  OK  ] Stopped Create Static Device Nodes in /dev.
         Stopping Monitoring of LVM2 mirrors... dmeventd or progress polling...
[  OK  ] Stopped Remount Root and Kernel File Systems.
[  OK  ] Reached target Shutdown.
[ 2705.903342] reboot: Power down
